2026-03-17 00:02:28 [File Watcher] INFO  o.s.b.d.a.LocalDevToolsAutoConfiguration$RestartingClassPathChangeChangedEventListener - Restarting due to 36 class path changes (0 additions, 36 deletions, 0 modifications)
2026-03-17 00:02:28 [Thread-16] INFO  o.s.boot.tomcat.GracefulShutdown - Commencing graceful shutdown. Waiting for active requests to complete
2026-03-17 00:02:28 [tomcat-shutdown] INFO  o.s.boot.tomcat.GracefulShutdown - Graceful shutdown complete
2026-03-17 00:02:28 [Thread-16] INFO  o.s.o.j.LocalContainerEntityManagerFactoryBean - Closing JPA EntityManagerFactory for persistence unit 'default'
2026-03-17 00:02:28 [Thread-16] INFO  com.zaxxer.hikari.HikariDataSource - HikariPool-4 - Shutdown initiated...
2026-03-17 00:02:28 [Thread-16] INFO  com.zaxxer.hikari.HikariDataSource - HikariPool-4 - Shutdown completed.
2026-03-17 00:02:31 [restartedMain] INFO  c.m.p.ProductServiceApplication - Starting ProductServiceApplication using Java 25.0.2 with PID 52964 (C:\Users\Usuario\Desktop\spring-microservices-ecommerce-platform\microservices-platform\product-service\target\classes started by Usuario in C:\Users\Usuario\Desktop\spring-microservices-ecommerce-platform\microservices-platform\product-service)
2026-03-17 00:02:31 [restartedMain] INFO  c.m.p.ProductServiceApplication - No active profile set, falling back to 1 default profile: "default"
2026-03-17 00:02:31 [restartedMain] INFO  o.s.d.r.c.RepositoryConfigurationDelegate - Bootstrapping Spring Data JPA repositories in DEFAULT mode.
2026-03-17 00:02:31 [restartedMain] INFO  o.s.d.r.c.RepositoryConfigurationDelegate - Finished Spring Data repository scanning in 14 ms. Found 2 JPA repository interfaces.
2026-03-17 00:02:31 [restartedMain] INFO  o.s.boot.tomcat.TomcatWebServer - Tomcat initialized with port 8081 (http)
2026-03-17 00:02:31 [restartedMain] INFO  o.a.catalina.core.StandardService - Starting service [Tomcat]
2026-03-17 00:02:31 [restartedMain] INFO  o.a.catalina.core.StandardEngine - Starting Servlet engine: [Apache Tomcat/11.0.18]
2026-03-17 00:02:31 [restartedMain] INFO  o.s.b.w.c.s.WebApplicationContextInitializer - Root WebApplicationContext: initialization completed in 401 ms
2026-03-17 00:02:31 [restartedMain] INFO  org.hibernate.orm.jpa - HHH008540: Processing PersistenceUnitInfo [name: default]
2026-03-17 00:02:31 [restartedMain] INFO  o.s.o.j.p.SpringPersistenceUnitInfo - No LoadTimeWeaver setup: ignoring JPA class transformer
2026-03-17 00:02:31 [restartedMain] INFO  com.zaxxer.hikari.HikariDataSource - HikariPool-5 - Starting...
2026-03-17 00:02:31 [restartedMain] INFO  com.zaxxer.hikari.pool.HikariPool - HikariPool-5 - Added connection com.mysql.cj.jdbc.ConnectionImpl@38255252
2026-03-17 00:02:31 [restartedMain] INFO  com.zaxxer.hikari.HikariDataSource - HikariPool-5 - Start completed.
2026-03-17 00:02:31 [restartedMain] WARN  org.hibernate.orm.deprecation - HHH90000025: MySQLDialect does not need to be specified explicitly using 'hibernate.dialect' (remove the property setting and it will be selected by default)
2026-03-17 00:02:31 [restartedMain] INFO  o.hibernate.orm.connections.pooling - HHH10001005: Database info:
	Database JDBC URL [jdbc:mysql://localhost:3307/ms_products]
	Database driver: MySQL Connector/J
	Database dialect: MySQLDialect
	Database version: 8.0.45
	Default catalog/schema: ms_products/undefined
	Autocommit mode: undefined/unknown
	Isolation level: REPEATABLE_READ [default REPEATABLE_READ]
	JDBC fetch size: none
	Pool: DataSourceConnectionProvider
	Minimum pool size: undefined/unknown
	Maximum pool size: undefined/unknown
2026-03-17 00:02:31 [restartedMain] INFO  org.hibernate.orm.core - HHH000489: No JTA platform available (set 'hibernate.transaction.jta.platform' to enable JTA platform integration)
2026-03-17 00:02:31 [restartedMain] INFO  o.s.o.j.LocalContainerEntityManagerFactoryBean - Initialized JPA EntityManagerFactory for persistence unit 'default'
2026-03-17 00:02:32 [restartedMain] INFO  o.s.b.a.e.web.EndpointLinksResolver - Exposing 1 endpoint beneath base path '/actuator'
2026-03-17 00:02:32 [restartedMain] INFO  o.s.boot.tomcat.TomcatWebServer - Tomcat started on port 8081 (http) with context path '/'
2026-03-17 00:02:32 [restartedMain] INFO  c.m.p.ProductServiceApplication - Started ProductServiceApplication in 1.005 seconds (process running for 1962.876)
2026-03-17 00:02:32 [restartedMain] WARN  o.s.c.events.SpringDocAppInitializer - SpringDoc /v3/api-docs endpoint is enabled by default. To disable it in production, set the property 'springdoc.api-docs.enabled=false'
2026-03-17 00:02:32 [restartedMain] WARN  o.s.c.events.SpringDocAppInitializer - SpringDoc /index.html endpoint is enabled by default. To disable it in production, set the property 'springdoc.swagger-ui.enabled=false'
2026-03-17 00:02:32 [restartedMain] INFO  o.s.b.d.a.ConditionEvaluationDeltaLoggingListener - Condition evaluation unchanged
2026-03-17 00:02:43 [http-nio-8081-exec-1] INFO  o.a.c.c.C.[Tomcat-2].[localhost].[/] - Initializing Spring DispatcherServlet 'dispatcherServlet'
2026-03-17 00:02:43 [http-nio-8081-exec-1] INFO  o.s.web.servlet.DispatcherServlet - Initializing Servlet 'dispatcherServlet'
2026-03-17 00:02:43 [http-nio-8081-exec-1] INFO  o.s.web.servlet.DispatcherServlet - Completed initialization in 2 ms
2026-03-17 00:02:43 [http-nio-8081-exec-1] INFO  c.m.p.controllers.ProductController - [product-service] GET /api/v1/products - fetching products page=0 size=20 status=null categoryId=null
2026-03-17 00:02:43 [http-nio-8081-exec-1] INFO  c.m.product.services.ProductService - [product-service] Fetching products (not deleted) page=0 size=20 status=null categoryId=null
2026-03-17 00:02:43 [http-nio-8081-exec-1] INFO  c.m.product.services.ProductService - [product-service] Returned page 0 of 2 (20 items)
2026-03-17 00:02:43 [http-nio-8081-exec-1] INFO  c.m.p.controllers.ProductController - [product-service] GET /api/v1/products - returned page 0 of 2 (20 items)
2026-03-17 00:02:43 [http-nio-8081-exec-1] WARN  o.s.d.w.c.SpringDataJackson3Configuration$PageModule$WarningLoggingModifier - Serializing PageImpl instances as-is is not supported, meaning that there is no guarantee about the stability of the resulting JSON structure!
	For a stable JSON structure, please use Spring Data's PagedModel (globally via @EnableSpringDataWebSupport(pageSerializationMode = VIA_DTO))
	or Spring HATEOAS and Spring Data's PagedResourcesAssembler as documented in https://docs.spring.io/spring-data/commons/reference/repositories/core-extensions.html#core.web.pageables.

2026-03-17 00:02:43 [http-nio-8081-exec-2] INFO  c.m.p.controllers.ProductController - [product-service] GET /api/v1/products - fetching products page=0 size=20 status=null categoryId=null
2026-03-17 00:02:43 [http-nio-8081-exec-2] INFO  c.m.product.services.ProductService - [product-service] Fetching products (not deleted) page=0 size=20 status=null categoryId=null
2026-03-17 00:02:43 [http-nio-8081-exec-2] INFO  c.m.product.services.ProductService - [product-service] Returned page 0 of 2 (20 items)
2026-03-17 00:02:43 [http-nio-8081-exec-2] INFO  c.m.p.controllers.ProductController - [product-service] GET /api/v1/products - returned page 0 of 2 (20 items)
2026-03-17 00:29:30 [File Watcher] INFO  o.s.b.d.a.LocalDevToolsAutoConfiguration$RestartingClassPathChangeChangedEventListener - Restarting due to 36 class path changes (0 additions, 36 deletions, 0 modifications)
2026-03-17 00:29:30 [Thread-20] INFO  o.s.boot.tomcat.GracefulShutdown - Commencing graceful shutdown. Waiting for active requests to complete
2026-03-17 00:29:30 [tomcat-shutdown] INFO  o.s.boot.tomcat.GracefulShutdown - Graceful shutdown complete
2026-03-17 00:29:30 [Thread-20] INFO  o.s.o.j.LocalContainerEntityManagerFactoryBean - Closing JPA EntityManagerFactory for persistence unit 'default'
2026-03-17 00:29:30 [Thread-20] INFO  com.zaxxer.hikari.HikariDataSource - HikariPool-5 - Shutdown initiated...
2026-03-17 00:29:30 [Thread-20] INFO  com.zaxxer.hikari.HikariDataSource - HikariPool-5 - Shutdown completed.
2026-03-17 00:29:32 [restartedMain] INFO  c.m.p.ProductServiceApplication - Starting ProductServiceApplication using Java 25.0.2 with PID 52964 (C:\Users\Usuario\Desktop\spring-microservices-ecommerce-platform\microservices-platform\product-service\target\classes started by Usuario in C:\Users\Usuario\Desktop\spring-microservices-ecommerce-platform\microservices-platform\product-service)
2026-03-17 00:29:32 [restartedMain] INFO  c.m.p.ProductServiceApplication - No active profile set, falling back to 1 default profile: "default"
2026-03-17 00:29:33 [restartedMain] INFO  o.s.d.r.c.RepositoryConfigurationDelegate - Bootstrapping Spring Data JPA repositories in DEFAULT mode.
2026-03-17 00:29:33 [restartedMain] INFO  o.s.d.r.c.RepositoryConfigurationDelegate - Finished Spring Data repository scanning in 26 ms. Found 2 JPA repository interfaces.
2026-03-17 00:29:33 [restartedMain] INFO  o.s.boot.tomcat.TomcatWebServer - Tomcat initialized with port 8081 (http)
2026-03-17 00:29:33 [restartedMain] INFO  o.a.catalina.core.StandardService - Starting service [Tomcat]
2026-03-17 00:29:33 [restartedMain] INFO  o.a.catalina.core.StandardEngine - Starting Servlet engine: [Apache Tomcat/11.0.18]
2026-03-17 00:29:33 [restartedMain] INFO  o.s.b.w.c.s.WebApplicationContextInitializer - Root WebApplicationContext: initialization completed in 559 ms
2026-03-17 00:29:33 [restartedMain] INFO  org.hibernate.orm.jpa - HHH008540: Processing PersistenceUnitInfo [name: default]
2026-03-17 00:29:33 [restartedMain] INFO  o.s.o.j.p.SpringPersistenceUnitInfo - No LoadTimeWeaver setup: ignoring JPA class transformer
2026-03-17 00:29:33 [restartedMain] INFO  com.zaxxer.hikari.HikariDataSource - HikariPool-6 - Starting...
2026-03-17 00:29:33 [restartedMain] INFO  com.zaxxer.hikari.pool.HikariPool - HikariPool-6 - Added connection com.mysql.cj.jdbc.ConnectionImpl@2859bde1
2026-03-17 00:29:33 [restartedMain] INFO  com.zaxxer.hikari.HikariDataSource - HikariPool-6 - Start completed.
2026-03-17 00:29:33 [restartedMain] WARN  org.hibernate.orm.deprecation - HHH90000025: MySQLDialect does not need to be specified explicitly using 'hibernate.dialect' (remove the property setting and it will be selected by default)
2026-03-17 00:29:33 [restartedMain] INFO  o.hibernate.orm.connections.pooling - HHH10001005: Database info:
	Database JDBC URL [jdbc:mysql://localhost:3307/ms_products]
	Database driver: MySQL Connector/J
	Database dialect: MySQLDialect
	Database version: 8.0.45
	Default catalog/schema: ms_products/undefined
	Autocommit mode: undefined/unknown
	Isolation level: REPEATABLE_READ [default REPEATABLE_READ]
	JDBC fetch size: none
	Pool: DataSourceConnectionProvider
	Minimum pool size: undefined/unknown
	Maximum pool size: undefined/unknown
2026-03-17 00:29:33 [restartedMain] INFO  org.hibernate.orm.core - HHH000489: No JTA platform available (set 'hibernate.transaction.jta.platform' to enable JTA platform integration)
2026-03-17 00:29:33 [restartedMain] INFO  o.s.o.j.LocalContainerEntityManagerFactoryBean - Initialized JPA EntityManagerFactory for persistence unit 'default'
2026-03-17 00:29:33 [restartedMain] INFO  o.s.b.a.e.web.EndpointLinksResolver - Exposing 1 endpoint beneath base path '/actuator'
2026-03-17 00:29:34 [restartedMain] INFO  o.s.boot.tomcat.TomcatWebServer - Tomcat started on port 8081 (http) with context path '/'
2026-03-17 00:29:34 [restartedMain] INFO  c.m.p.ProductServiceApplication - Started ProductServiceApplication in 1.349 seconds (process running for 3584.721)
2026-03-17 00:29:34 [restartedMain] WARN  o.s.c.events.SpringDocAppInitializer - SpringDoc /v3/api-docs endpoint is enabled by default. To disable it in production, set the property 'springdoc.api-docs.enabled=false'
2026-03-17 00:29:34 [restartedMain] WARN  o.s.c.events.SpringDocAppInitializer - SpringDoc /index.html endpoint is enabled by default. To disable it in production, set the property 'springdoc.swagger-ui.enabled=false'
2026-03-17 00:29:34 [restartedMain] INFO  o.s.b.d.a.ConditionEvaluationDeltaLoggingListener - Condition evaluation unchanged
2026-03-17 00:29:42 [http-nio-8081-exec-1] INFO  o.a.c.c.C.[Tomcat-3].[localhost].[/] - Initializing Spring DispatcherServlet 'dispatcherServlet'
2026-03-17 00:29:42 [http-nio-8081-exec-1] INFO  o.s.web.servlet.DispatcherServlet - Initializing Servlet 'dispatcherServlet'
2026-03-17 00:29:42 [http-nio-8081-exec-1] INFO  o.s.web.servlet.DispatcherServlet - Completed initialization in 2 ms
2026-03-17 00:29:42 [http-nio-8081-exec-1] INFO  c.m.p.controllers.ProductController - [product-service] GET /api/v1/products - fetching products page=0 size=20 status=null categoryId=null
2026-03-17 00:29:42 [http-nio-8081-exec-1] INFO  c.m.product.services.ProductService - [product-service] Fetching products (not deleted) page=0 size=20 status=null categoryId=null
2026-03-17 00:29:42 [http-nio-8081-exec-1] INFO  c.m.product.services.ProductService - [product-service] Returned page 0 of 2 (20 items)
2026-03-17 00:29:42 [http-nio-8081-exec-1] INFO  c.m.p.controllers.ProductController - [product-service] GET /api/v1/products - returned page 0 of 2 (20 items)
2026-03-17 00:29:42 [http-nio-8081-exec-1] WARN  o.s.d.w.c.SpringDataJackson3Configuration$PageModule$WarningLoggingModifier - Serializing PageImpl instances as-is is not supported, meaning that there is no guarantee about the stability of the resulting JSON structure!
	For a stable JSON structure, please use Spring Data's PagedModel (globally via @EnableSpringDataWebSupport(pageSerializationMode = VIA_DTO))
	or Spring HATEOAS and Spring Data's PagedResourcesAssembler as documented in https://docs.spring.io/spring-data/commons/reference/repositories/core-extensions.html#core.web.pageables.

2026-03-17 00:30:16 [http-nio-8081-exec-2] INFO  c.m.p.controllers.ProductController - [product-service] GET /api/v1/products - fetching products page=0 size=20 status=null categoryId=null
2026-03-17 00:30:16 [http-nio-8081-exec-2] INFO  c.m.product.services.ProductService - [product-service] Fetching products (not deleted) page=0 size=20 status=null categoryId=null
2026-03-17 00:30:16 [http-nio-8081-exec-2] INFO  c.m.product.services.ProductService - [product-service] Returned page 0 of 2 (20 items)
2026-03-17 00:30:16 [http-nio-8081-exec-2] INFO  c.m.p.controllers.ProductController - [product-service] GET /api/v1/products - returned page 0 of 2 (20 items)
2026-03-17 03:24:56 [HikariPool-6:housekeeper] WARN  com.zaxxer.hikari.pool.HikariPool - HikariPool-6 - Thread starvation or clock leap detected (housekeeper delta=1h57m22s978ms42µs).
